This is pdfTeX, Version 3.141592653-2.6-1.40.24 (TeX Live 2022/nixos.org) (preloaded format=pdflatex 1980.1.1)  15 MAY 2024 09:36
entering extended mode
 restricted \write18 enabled.
 %&-line parsing enabled.
**tree.tex
(./tree.tex
LaTeX2e <2022-11-01> patch level 1
L3 programming layer <2023-02-22>
(/nix/store/ly9vxw1x0vrvg1kg7prg0c0fdnmy2a1b-texlive-2022-env-texmfdist/tex/lat
ex/standalone/standalone.cls
Document Class: standalone 2022/10/10 v1.3b Class to compile TeX sub-files stan
dalone

(/nix/store/ly9vxw1x0vrvg1kg7prg0c0fdnmy2a1b-texlive-2022-env-texmfdist/tex/lat
ex/tools/shellesc.sty
Package: shellesc 2019/11/08 v1.0c unified shell escape interface for LaTeX
Package shellesc Info: Restricted shell escape enabled on input line 77.
)
(/nix/store/ly9vxw1x0vrvg1kg7prg0c0fdnmy2a1b-texlive-2022-env-texmfdist/tex/gen
eric/iftex/ifluatex.sty
Package: ifluatex 2019/10/25 v1.5 ifluatex legacy package. Use iftex instead.

(/nix/store/ly9vxw1x0vrvg1kg7prg0c0fdnmy2a1b-texlive-2022-env-texmfdist/tex/gen
eric/iftex/iftex.sty
Package: iftex 2022/02/03 v1.0f TeX engine tests
))
(/nix/store/ly9vxw1x0vrvg1kg7prg0c0fdnmy2a1b-texlive-2022-env-texmfdist/tex/lat
ex/xkeyval/xkeyval.sty
Package: xkeyval 2022/06/16 v2.9 package option processing (HA)

(/nix/store/ly9vxw1x0vrvg1kg7prg0c0fdnmy2a1b-texlive-2022-env-texmfdist/tex/gen
eric/xkeyval/xkeyval.tex
(/nix/store/ly9vxw1x0vrvg1kg7prg0c0fdnmy2a1b-texlive-2022-env-texmfdist/tex/gen
eric/xkeyval/xkvutils.tex
\XKV@toks=\toks16
\XKV@tempa@toks=\toks17

(/nix/store/ly9vxw1x0vrvg1kg7prg0c0fdnmy2a1b-texlive-2022-env-texmfdist/tex/gen
eric/xkeyval/keyval.tex))
\XKV@depth=\count185
File: xkeyval.tex 2014/12/03 v2.7a key=value parser (HA)
))
\sa@internal=\count186
\c@sapage=\count187

(/nix/store/ly9vxw1x0vrvg1kg7prg0c0fdnmy2a1b-texlive-2022-env-texmfdist/tex/lat
ex/standalone/standalone.cfg
File: standalone.cfg 2022/10/10 v1.3b Default configuration file for 'standalon
e' class
)
(/nix/store/ly9vxw1x0vrvg1kg7prg0c0fdnmy2a1b-texlive-2022-env-texmfdist/tex/lat
ex/base/article.cls
Document Class: article 2022/07/02 v1.4n Standard LaTeX document class

(/nix/store/ly9vxw1x0vrvg1kg7prg0c0fdnmy2a1b-texlive-2022-env-texmfdist/tex/lat
ex/base/size10.clo
File: size10.clo 2022/07/02 v1.4n Standard LaTeX file (size option)
)
\c@part=\count188
\c@section=\count189
\c@subsection=\count190
\c@subsubsection=\count191
\c@paragraph=\count192
\c@subparagraph=\count193
\c@figure=\count194
\c@table=\count195
\abovecaptionskip=\skip48
\belowcaptionskip=\skip49
\bibindent=\dimen140
)
\sa@box=\box51
)
(/nix/store/ly9vxw1x0vrvg1kg7prg0c0fdnmy2a1b-texlive-2022-env-texmfdist/tex/lat
ex/forest/forest.sty
Package: forest 2017/07/14 v2.1.5 Drawing (linguistic) trees

(/nix/store/ly9vxw1x0vrvg1kg7prg0c0fdnmy2a1b-texlive-2022-env-texmfdist/tex/lat
ex/pgf/frontendlayer/tikz.sty
(/nix/store/ly9vxw1x0vrvg1kg7prg0c0fdnmy2a1b-texlive-2022-env-texmfdist/tex/lat
ex/pgf/basiclayer/pgf.sty
(/nix/store/ly9vxw1x0vrvg1kg7prg0c0fdnmy2a1b-texlive-2022-env-texmfdist/tex/lat
ex/pgf/utilities/pgfrcs.sty
(/nix/store/ly9vxw1x0vrvg1kg7prg0c0fdnmy2a1b-texlive-2022-env-texmfdist/tex/gen
eric/pgf/utilities/pgfutil-common.tex
\pgfutil@everybye=\toks18
\pgfutil@tempdima=\dimen141
\pgfutil@tempdimb=\dimen142
)
(/nix/store/ly9vxw1x0vrvg1kg7prg0c0fdnmy2a1b-texlive-2022-env-texmfdist/tex/gen
eric/pgf/utilities/pgfutil-latex.def
\pgfutil@abb=\box52
)
(/nix/store/ly9vxw1x0vrvg1kg7prg0c0fdnmy2a1b-texlive-2022-env-texmfdist/tex/gen
eric/pgf/utilities/pgfrcs.code.tex
(/nix/store/ly9vxw1x0vrvg1kg7prg0c0fdnmy2a1b-texlive-2022-env-texmfdist/tex/gen
eric/pgf/pgf.revision.tex)
Package: pgfrcs 2023-01-15 v3.1.10 (3.1.10)
))
Package: pgf 2023-01-15 v3.1.10 (3.1.10)

(/nix/store/ly9vxw1x0vrvg1kg7prg0c0fdnmy2a1b-texlive-2022-env-texmfdist/tex/lat
ex/pgf/basiclayer/pgfcore.sty
(/nix/store/ly9vxw1x0vrvg1kg7prg0c0fdnmy2a1b-texlive-2022-env-texmfdist/tex/lat
ex/graphics/graphicx.sty
Package: graphicx 2021/09/16 v1.2d Enhanced LaTeX Graphics (DPC,SPQR)

(/nix/store/ly9vxw1x0vrvg1kg7prg0c0fdnmy2a1b-texlive-2022-env-texmfdist/tex/lat
ex/graphics/graphics.sty
Package: graphics 2022/03/10 v1.4e Standard LaTeX Graphics (DPC,SPQR)

(/nix/store/ly9vxw1x0vrvg1kg7prg0c0fdnmy2a1b-texlive-2022-env-texmfdist/tex/lat
ex/graphics/trig.sty
Package: trig 2021/08/11 v1.11 sin cos tan (DPC)
)
(/nix/store/ly9vxw1x0vrvg1kg7prg0c0fdnmy2a1b-texlive-2022-env-texmfdist/tex/lat
ex/graphics-cfg/graphics.cfg
File: graphics.cfg 2016/06/04 v1.11 sample graphics configuration
)
Package graphics Info: Driver file: pdftex.def on input line 107.

(/nix/store/ly9vxw1x0vrvg1kg7prg0c0fdnmy2a1b-texlive-2022-env-texmfdist/tex/lat
ex/graphics-def/pdftex.def
File: pdftex.def 2022/09/22 v1.2b Graphics/color driver for pdftex
))
\Gin@req@height=\dimen143
\Gin@req@width=\dimen144
)
(/nix/store/ly9vxw1x0vrvg1kg7prg0c0fdnmy2a1b-texlive-2022-env-texmfdist/tex/lat
ex/pgf/systemlayer/pgfsys.sty
(/nix/store/ly9vxw1x0vrvg1kg7prg0c0fdnmy2a1b-texlive-2022-env-texmfdist/tex/gen
eric/pgf/systemlayer/pgfsys.code.tex
Package: pgfsys 2023-01-15 v3.1.10 (3.1.10)

(/nix/store/ly9vxw1x0vrvg1kg7prg0c0fdnmy2a1b-texlive-2022-env-texmfdist/tex/gen
eric/pgf/utilities/pgfkeys.code.tex
\pgfkeys@pathtoks=\toks19
\pgfkeys@temptoks=\toks20

(/nix/store/ly9vxw1x0vrvg1kg7prg0c0fdnmy2a1b-texlive-2022-env-texmfdist/tex/gen
eric/pgf/utilities/pgfkeyslibraryfiltered.code.tex
\pgfkeys@tmptoks=\toks21
))
\pgf@x=\dimen145
\pgf@y=\dimen146
\pgf@xa=\dimen147
\pgf@ya=\dimen148
\pgf@xb=\dimen149
\pgf@yb=\dimen150
\pgf@xc=\dimen151
\pgf@yc=\dimen152
\pgf@xd=\dimen153
\pgf@yd=\dimen154
\w@pgf@writea=\write3
\r@pgf@reada=\read2
\c@pgf@counta=\count196
\c@pgf@countb=\count197
\c@pgf@countc=\count198
\c@pgf@countd=\count199
\t@pgf@toka=\toks22
\t@pgf@tokb=\toks23
\t@pgf@tokc=\toks24
\pgf@sys@id@count=\count266

(/nix/store/ly9vxw1x0vrvg1kg7prg0c0fdnmy2a1b-texlive-2022-env-texmfdist/tex/gen
eric/pgf/systemlayer/pgf.cfg
File: pgf.cfg 2023-01-15 v3.1.10 (3.1.10)
)
Driver file for pgf: pgfsys-pdftex.def

(/nix/store/ly9vxw1x0vrvg1kg7prg0c0fdnmy2a1b-texlive-2022-env-texmfdist/tex/gen
eric/pgf/systemlayer/pgfsys-pdftex.def
File: pgfsys-pdftex.def 2023-01-15 v3.1.10 (3.1.10)

(/nix/store/ly9vxw1x0vrvg1kg7prg0c0fdnmy2a1b-texlive-2022-env-texmfdist/tex/gen
eric/pgf/systemlayer/pgfsys-common-pdf.def
File: pgfsys-common-pdf.def 2023-01-15 v3.1.10 (3.1.10)
)))
(/nix/store/ly9vxw1x0vrvg1kg7prg0c0fdnmy2a1b-texlive-2022-env-texmfdist/tex/gen
eric/pgf/systemlayer/pgfsyssoftpath.code.tex
File: pgfsyssoftpath.code.tex 2023-01-15 v3.1.10 (3.1.10)
\pgfsyssoftpath@smallbuffer@items=\count267
\pgfsyssoftpath@bigbuffer@items=\count268
)
(/nix/store/ly9vxw1x0vrvg1kg7prg0c0fdnmy2a1b-texlive-2022-env-texmfdist/tex/gen
eric/pgf/systemlayer/pgfsysprotocol.code.tex
File: pgfsysprotocol.code.tex 2023-01-15 v3.1.10 (3.1.10)
))
(/nix/store/ly9vxw1x0vrvg1kg7prg0c0fdnmy2a1b-texlive-2022-env-texmfdist/tex/lat
ex/xcolor/xcolor.sty
Package: xcolor 2022/06/12 v2.14 LaTeX color extensions (UK)

(/nix/store/ly9vxw1x0vrvg1kg7prg0c0fdnmy2a1b-texlive-2022-env-texmfdist/tex/lat
ex/graphics-cfg/color.cfg
File: color.cfg 2016/01/02 v1.6 sample color configuration
)
Package xcolor Info: Driver file: pdftex.def on input line 227.

(/nix/store/ly9vxw1x0vrvg1kg7prg0c0fdnmy2a1b-texlive-2022-env-texmfdist/tex/lat
ex/graphics/mathcolor.ltx)
Package xcolor Info: Model `cmy' substituted by `cmy0' on input line 1353.
Package xcolor Info: Model `hsb' substituted by `rgb' on input line 1357.
Package xcolor Info: Model `RGB' extended on input line 1369.
Package xcolor Info: Model `HTML' substituted by `rgb' on input line 1371.
Package xcolor Info: Model `Hsb' substituted by `hsb' on input line 1372.
Package xcolor Info: Model `tHsb' substituted by `hsb' on input line 1373.
Package xcolor Info: Model `HSB' substituted by `hsb' on input line 1374.
Package xcolor Info: Model `Gray' substituted by `gray' on input line 1375.
Package xcolor Info: Model `wave' substituted by `hsb' on input line 1376.
)
(/nix/store/ly9vxw1x0vrvg1kg7prg0c0fdnmy2a1b-texlive-2022-env-texmfdist/tex/gen
eric/pgf/basiclayer/pgfcore.code.tex
Package: pgfcore 2023-01-15 v3.1.10 (3.1.10)

(/nix/store/ly9vxw1x0vrvg1kg7prg0c0fdnmy2a1b-texlive-2022-env-texmfdist/tex/gen
eric/pgf/math/pgfmath.code.tex
(/nix/store/ly9vxw1x0vrvg1kg7prg0c0fdnmy2a1b-texlive-2022-env-texmfdist/tex/gen
eric/pgf/math/pgfmathutil.code.tex)
(/nix/store/ly9vxw1x0vrvg1kg7prg0c0fdnmy2a1b-texlive-2022-env-texmfdist/tex/gen
eric/pgf/math/pgfmathparser.code.tex
\pgfmath@dimen=\dimen155
\pgfmath@count=\count269
\pgfmath@box=\box53
\pgfmath@toks=\toks25
\pgfmath@stack@operand=\toks26
\pgfmath@stack@operation=\toks27
)
(/nix/store/ly9vxw1x0vrvg1kg7prg0c0fdnmy2a1b-texlive-2022-env-texmfdist/tex/gen
eric/pgf/math/pgfmathfunctions.code.tex)
(/nix/store/ly9vxw1x0vrvg1kg7prg0c0fdnmy2a1b-texlive-2022-env-texmfdist/tex/gen
eric/pgf/math/pgfmathfunctions.basic.code.tex)
(/nix/store/ly9vxw1x0vrvg1kg7prg0c0fdnmy2a1b-texlive-2022-env-texmfdist/tex/gen
eric/pgf/math/pgfmathfunctions.trigonometric.code.tex)
(/nix/store/ly9vxw1x0vrvg1kg7prg0c0fdnmy2a1b-texlive-2022-env-texmfdist/tex/gen
eric/pgf/math/pgfmathfunctions.random.code.tex)
(/nix/store/ly9vxw1x0vrvg1kg7prg0c0fdnmy2a1b-texlive-2022-env-texmfdist/tex/gen
eric/pgf/math/pgfmathfunctions.comparison.code.tex)
(/nix/store/ly9vxw1x0vrvg1kg7prg0c0fdnmy2a1b-texlive-2022-env-texmfdist/tex/gen
eric/pgf/math/pgfmathfunctions.base.code.tex)
(/nix/store/ly9vxw1x0vrvg1kg7prg0c0fdnmy2a1b-texlive-2022-env-texmfdist/tex/gen
eric/pgf/math/pgfmathfunctions.round.code.tex)
(/nix/store/ly9vxw1x0vrvg1kg7prg0c0fdnmy2a1b-texlive-2022-env-texmfdist/tex/gen
eric/pgf/math/pgfmathfunctions.misc.code.tex)
(/nix/store/ly9vxw1x0vrvg1kg7prg0c0fdnmy2a1b-texlive-2022-env-texmfdist/tex/gen
eric/pgf/math/pgfmathfunctions.integerarithmetics.code.tex)
(/nix/store/ly9vxw1x0vrvg1kg7prg0c0fdnmy2a1b-texlive-2022-env-texmfdist/tex/gen
eric/pgf/math/pgfmathcalc.code.tex)
(/nix/store/ly9vxw1x0vrvg1kg7prg0c0fdnmy2a1b-texlive-2022-env-texmfdist/tex/gen
eric/pgf/math/pgfmathfloat.code.tex
\c@pgfmathroundto@lastzeros=\count270
))
(/nix/store/ly9vxw1x0vrvg1kg7prg0c0fdnmy2a1b-texlive-2022-env-texmfdist/tex/gen
eric/pgf/math/pgfint.code.tex)
(/nix/store/ly9vxw1x0vrvg1kg7prg0c0fdnmy2a1b-texlive-2022-env-texmfdist/tex/gen
eric/pgf/basiclayer/pgfcorepoints.code.tex
File: pgfcorepoints.code.tex 2023-01-15 v3.1.10 (3.1.10)
\pgf@picminx=\dimen156
\pgf@picmaxx=\dimen157
\pgf@picminy=\dimen158
\pgf@picmaxy=\dimen159
\pgf@pathminx=\dimen160
\pgf@pathmaxx=\dimen161
\pgf@pathminy=\dimen162
\pgf@pathmaxy=\dimen163
\pgf@xx=\dimen164
\pgf@xy=\dimen165
\pgf@yx=\dimen166
\pgf@yy=\dimen167
\pgf@zx=\dimen168
\pgf@zy=\dimen169
)
(/nix/store/ly9vxw1x0vrvg1kg7prg0c0fdnmy2a1b-texlive-2022-env-texmfdist/tex/gen
eric/pgf/basiclayer/pgfcorepathconstruct.code.tex
File: pgfcorepathconstruct.code.tex 2023-01-15 v3.1.10 (3.1.10)
\pgf@path@lastx=\dimen170
\pgf@path@lasty=\dimen171
)
(/nix/store/ly9vxw1x0vrvg1kg7prg0c0fdnmy2a1b-texlive-2022-env-texmfdist/tex/gen
eric/pgf/basiclayer/pgfcorepathusage.code.tex
File: pgfcorepathusage.code.tex 2023-01-15 v3.1.10 (3.1.10)
\pgf@shorten@end@additional=\dimen172
\pgf@shorten@start@additional=\dimen173
)
(/nix/store/ly9vxw1x0vrvg1kg7prg0c0fdnmy2a1b-texlive-2022-env-texmfdist/tex/gen
eric/pgf/basiclayer/pgfcorescopes.code.tex
File: pgfcorescopes.code.tex 2023-01-15 v3.1.10 (3.1.10)
\pgfpic=\box54
\pgf@hbox=\box55
\pgf@layerbox@main=\box56
\pgf@picture@serial@count=\count271
)
(/nix/store/ly9vxw1x0vrvg1kg7prg0c0fdnmy2a1b-texlive-2022-env-texmfdist/tex/gen
eric/pgf/basiclayer/pgfcoregraphicstate.code.tex
File: pgfcoregraphicstate.code.tex 2023-01-15 v3.1.10 (3.1.10)
\pgflinewidth=\dimen174
)
(/nix/store/ly9vxw1x0vrvg1kg7prg0c0fdnmy2a1b-texlive-2022-env-texmfdist/tex/gen
eric/pgf/basiclayer/pgfcoretransformations.code.tex
File: pgfcoretransformations.code.tex 2023-01-15 v3.1.10 (3.1.10)
\pgf@pt@x=\dimen175
\pgf@pt@y=\dimen176
\pgf@pt@temp=\dimen177
)
(/nix/store/ly9vxw1x0vrvg1kg7prg0c0fdnmy2a1b-texlive-2022-env-texmfdist/tex/gen
eric/pgf/basiclayer/pgfcorequick.code.tex
File: pgfcorequick.code.tex 2023-01-15 v3.1.10 (3.1.10)
)
(/nix/store/ly9vxw1x0vrvg1kg7prg0c0fdnmy2a1b-texlive-2022-env-texmfdist/tex/gen
eric/pgf/basiclayer/pgfcoreobjects.code.tex
File: pgfcoreobjects.code.tex 2023-01-15 v3.1.10 (3.1.10)
)
(/nix/store/ly9vxw1x0vrvg1kg7prg0c0fdnmy2a1b-texlive-2022-env-texmfdist/tex/gen
eric/pgf/basiclayer/pgfcorepathprocessing.code.tex
File: pgfcorepathprocessing.code.tex 2023-01-15 v3.1.10 (3.1.10)
)
(/nix/store/ly9vxw1x0vrvg1kg7prg0c0fdnmy2a1b-texlive-2022-env-texmfdist/tex/gen
eric/pgf/basiclayer/pgfcorearrows.code.tex
File: pgfcorearrows.code.tex 2023-01-15 v3.1.10 (3.1.10)
\pgfarrowsep=\dimen178
)
(/nix/store/ly9vxw1x0vrvg1kg7prg0c0fdnmy2a1b-texlive-2022-env-texmfdist/tex/gen
eric/pgf/basiclayer/pgfcoreshade.code.tex
File: pgfcoreshade.code.tex 2023-01-15 v3.1.10 (3.1.10)
\pgf@max=\dimen179
\pgf@sys@shading@range@num=\count272
\pgf@shadingcount=\count273
)
(/nix/store/ly9vxw1x0vrvg1kg7prg0c0fdnmy2a1b-texlive-2022-env-texmfdist/tex/gen
eric/pgf/basiclayer/pgfcoreimage.code.tex
File: pgfcoreimage.code.tex 2023-01-15 v3.1.10 (3.1.10)
)
(/nix/store/ly9vxw1x0vrvg1kg7prg0c0fdnmy2a1b-texlive-2022-env-texmfdist/tex/gen
eric/pgf/basiclayer/pgfcoreexternal.code.tex
File: pgfcoreexternal.code.tex 2023-01-15 v3.1.10 (3.1.10)
\pgfexternal@startupbox=\box57
)
(/nix/store/ly9vxw1x0vrvg1kg7prg0c0fdnmy2a1b-texlive-2022-env-texmfdist/tex/gen
eric/pgf/basiclayer/pgfcorelayers.code.tex
File: pgfcorelayers.code.tex 2023-01-15 v3.1.10 (3.1.10)
)
(/nix/store/ly9vxw1x0vrvg1kg7prg0c0fdnmy2a1b-texlive-2022-env-texmfdist/tex/gen
eric/pgf/basiclayer/pgfcoretransparency.code.tex
File: pgfcoretransparency.code.tex 2023-01-15 v3.1.10 (3.1.10)
)
(/nix/store/ly9vxw1x0vrvg1kg7prg0c0fdnmy2a1b-texlive-2022-env-texmfdist/tex/gen
eric/pgf/basiclayer/pgfcorepatterns.code.tex
File: pgfcorepatterns.code.tex 2023-01-15 v3.1.10 (3.1.10)
)
(/nix/store/ly9vxw1x0vrvg1kg7prg0c0fdnmy2a1b-texlive-2022-env-texmfdist/tex/gen
eric/pgf/basiclayer/pgfcorerdf.code.tex
File: pgfcorerdf.code.tex 2023-01-15 v3.1.10 (3.1.10)
)))
(/nix/store/ly9vxw1x0vrvg1kg7prg0c0fdnmy2a1b-texlive-2022-env-texmfdist/tex/gen
eric/pgf/modules/pgfmoduleshapes.code.tex
File: pgfmoduleshapes.code.tex 2023-01-15 v3.1.10 (3.1.10)
\pgfnodeparttextbox=\box58
)
(/nix/store/ly9vxw1x0vrvg1kg7prg0c0fdnmy2a1b-texlive-2022-env-texmfdist/tex/gen
eric/pgf/modules/pgfmoduleplot.code.tex
File: pgfmoduleplot.code.tex 2023-01-15 v3.1.10 (3.1.10)
)
(/nix/store/ly9vxw1x0vrvg1kg7prg0c0fdnmy2a1b-texlive-2022-env-texmfdist/tex/lat
ex/pgf/compatibility/pgfcomp-version-0-65.sty
Package: pgfcomp-version-0-65 2023-01-15 v3.1.10 (3.1.10)
\pgf@nodesepstart=\dimen180
\pgf@nodesepend=\dimen181
)
(/nix/store/ly9vxw1x0vrvg1kg7prg0c0fdnmy2a1b-texlive-2022-env-texmfdist/tex/lat
ex/pgf/compatibility/pgfcomp-version-1-18.sty
Package: pgfcomp-version-1-18 2023-01-15 v3.1.10 (3.1.10)
))
(/nix/store/ly9vxw1x0vrvg1kg7prg0c0fdnmy2a1b-texlive-2022-env-texmfdist/tex/lat
ex/pgf/utilities/pgffor.sty
(/nix/store/ly9vxw1x0vrvg1kg7prg0c0fdnmy2a1b-texlive-2022-env-texmfdist/tex/lat
ex/pgf/utilities/pgfkeys.sty
(/nix/store/ly9vxw1x0vrvg1kg7prg0c0fdnmy2a1b-texlive-2022-env-texmfdist/tex/gen
eric/pgf/utilities/pgfkeys.code.tex))
(/nix/store/ly9vxw1x0vrvg1kg7prg0c0fdnmy2a1b-texlive-2022-env-texmfdist/tex/lat
ex/pgf/math/pgfmath.sty
(/nix/store/ly9vxw1x0vrvg1kg7prg0c0fdnmy2a1b-texlive-2022-env-texmfdist/tex/gen
eric/pgf/math/pgfmath.code.tex))
(/nix/store/ly9vxw1x0vrvg1kg7prg0c0fdnmy2a1b-texlive-2022-env-texmfdist/tex/gen
eric/pgf/utilities/pgffor.code.tex
Package: pgffor 2023-01-15 v3.1.10 (3.1.10)
\pgffor@iter=\dimen182
\pgffor@skip=\dimen183
\pgffor@stack=\toks28
\pgffor@toks=\toks29
))
(/nix/store/ly9vxw1x0vrvg1kg7prg0c0fdnmy2a1b-texlive-2022-env-texmfdist/tex/gen
eric/pgf/frontendlayer/tikz/tikz.code.tex
Package: tikz 2023-01-15 v3.1.10 (3.1.10)

(/nix/store/ly9vxw1x0vrvg1kg7prg0c0fdnmy2a1b-texlive-2022-env-texmfdist/tex/gen
eric/pgf/libraries/pgflibraryplothandlers.code.tex
File: pgflibraryplothandlers.code.tex 2023-01-15 v3.1.10 (3.1.10)
\pgf@plot@mark@count=\count274
\pgfplotmarksize=\dimen184
)
\tikz@lastx=\dimen185
\tikz@lasty=\dimen186
\tikz@lastxsaved=\dimen187
\tikz@lastysaved=\dimen188
\tikz@lastmovetox=\dimen189
\tikz@lastmovetoy=\dimen190
\tikzleveldistance=\dimen191
\tikzsiblingdistance=\dimen192
\tikz@figbox=\box59
\tikz@figbox@bg=\box60
\tikz@tempbox=\box61
\tikz@tempbox@bg=\box62
\tikztreelevel=\count275
\tikznumberofchildren=\count276
\tikznumberofcurrentchild=\count277
\tikz@fig@count=\count278

(/nix/store/ly9vxw1x0vrvg1kg7prg0c0fdnmy2a1b-texlive-2022-env-texmfdist/tex/gen
eric/pgf/modules/pgfmodulematrix.code.tex
File: pgfmodulematrix.code.tex 2023-01-15 v3.1.10 (3.1.10)
\pgfmatrixcurrentrow=\count279
\pgfmatrixcurrentcolumn=\count280
\pgf@matrix@numberofcolumns=\count281
)
\tikz@expandcount=\count282

(/nix/store/ly9vxw1x0vrvg1kg7prg0c0fdnmy2a1b-texlive-2022-env-texmfdist/tex/gen
eric/pgf/frontendlayer/tikz/libraries/tikzlibrarytopaths.code.tex
File: tikzlibrarytopaths.code.tex 2023-01-15 v3.1.10 (3.1.10)
)))
(/nix/store/ly9vxw1x0vrvg1kg7prg0c0fdnmy2a1b-texlive-2022-env-texmfdist/tex/gen
eric/pgf/frontendlayer/tikz/libraries/tikzlibraryshapes.code.tex
File: tikzlibraryshapes.code.tex 2023-01-15 v3.1.10 (3.1.10)

(/nix/store/ly9vxw1x0vrvg1kg7prg0c0fdnmy2a1b-texlive-2022-env-texmfdist/tex/gen
eric/pgf/frontendlayer/tikz/libraries/tikzlibraryshapes.geometric.code.tex
File: tikzlibraryshapes.geometric.code.tex 2023-01-15 v3.1.10 (3.1.10)

(/nix/store/ly9vxw1x0vrvg1kg7prg0c0fdnmy2a1b-texlive-2022-env-texmfdist/tex/gen
eric/pgf/libraries/shapes/pgflibraryshapes.geometric.code.tex
File: pgflibraryshapes.geometric.code.tex 2023-01-15 v3.1.10 (3.1.10)
))
(/nix/store/ly9vxw1x0vrvg1kg7prg0c0fdnmy2a1b-texlive-2022-env-texmfdist/tex/gen
eric/pgf/frontendlayer/tikz/libraries/tikzlibraryshapes.misc.code.tex
File: tikzlibraryshapes.misc.code.tex 2023-01-15 v3.1.10 (3.1.10)

(/nix/store/ly9vxw1x0vrvg1kg7prg0c0fdnmy2a1b-texlive-2022-env-texmfdist/tex/gen
eric/pgf/libraries/shapes/pgflibraryshapes.misc.code.tex
File: pgflibraryshapes.misc.code.tex 2023-01-15 v3.1.10 (3.1.10)
))
(/nix/store/ly9vxw1x0vrvg1kg7prg0c0fdnmy2a1b-texlive-2022-env-texmfdist/tex/gen
eric/pgf/frontendlayer/tikz/libraries/tikzlibraryshapes.symbols.code.tex
File: tikzlibraryshapes.symbols.code.tex 2023-01-15 v3.1.10 (3.1.10)

(/nix/store/ly9vxw1x0vrvg1kg7prg0c0fdnmy2a1b-texlive-2022-env-texmfdist/tex/gen
eric/pgf/libraries/shapes/pgflibraryshapes.symbols.code.tex
File: pgflibraryshapes.symbols.code.tex 2023-01-15 v3.1.10 (3.1.10)
))
(/nix/store/ly9vxw1x0vrvg1kg7prg0c0fdnmy2a1b-texlive-2022-env-texmfdist/tex/gen
eric/pgf/frontendlayer/tikz/libraries/tikzlibraryshapes.arrows.code.tex
File: tikzlibraryshapes.arrows.code.tex 2023-01-15 v3.1.10 (3.1.10)

(/nix/store/ly9vxw1x0vrvg1kg7prg0c0fdnmy2a1b-texlive-2022-env-texmfdist/tex/gen
eric/pgf/libraries/shapes/pgflibraryshapes.arrows.code.tex
File: pgflibraryshapes.arrows.code.tex 2023-01-15 v3.1.10 (3.1.10)
))
(/nix/store/ly9vxw1x0vrvg1kg7prg0c0fdnmy2a1b-texlive-2022-env-texmfdist/tex/gen
eric/pgf/frontendlayer/tikz/libraries/tikzlibraryshapes.callouts.code.tex
(/nix/store/ly9vxw1x0vrvg1kg7prg0c0fdnmy2a1b-texlive-2022-env-texmfdist/tex/gen
eric/pgf/libraries/shapes/pgflibraryshapes.callouts.code.tex))
(/nix/store/ly9vxw1x0vrvg1kg7prg0c0fdnmy2a1b-texlive-2022-env-texmfdist/tex/gen
eric/pgf/frontendlayer/tikz/libraries/tikzlibraryshapes.multipart.code.tex
File: tikzlibraryshapes.multipart.code.tex 2023-01-15 v3.1.10 (3.1.10)

(/nix/store/ly9vxw1x0vrvg1kg7prg0c0fdnmy2a1b-texlive-2022-env-texmfdist/tex/gen
eric/pgf/libraries/shapes/pgflibraryshapes.multipart.code.tex
File: pgflibraryshapes.multipart.code.tex 2023-01-15 v3.1.10 (3.1.10)
\pgfnodepartlowerbox=\box63
\pgfnodeparttwobox=\box64
\pgfnodepartthreebox=\box65
\pgfnodepartfourbox=\box66
\pgfnodeparttwentybox=\box67
\pgfnodepartnineteenbox=\box68
\pgfnodeparteighteenbox=\box69
\pgfnodepartseventeenbox=\box70
\pgfnodepartsixteenbox=\box71
\pgfnodepartfifteenbox=\box72
\pgfnodepartfourteenbox=\box73
\pgfnodepartthirteenbox=\box74
\pgfnodeparttwelvebox=\box75
\pgfnodepartelevenbox=\box76
\pgfnodeparttenbox=\box77
\pgfnodepartninebox=\box78
\pgfnodeparteightbox=\box79
\pgfnodepartsevenbox=\box80
\pgfnodepartsixbox=\box81
\pgfnodepartfivebox=\box82
)))
(/nix/store/ly9vxw1x0vrvg1kg7prg0c0fdnmy2a1b-texlive-2022-env-texmfdist/tex/gen
eric/pgf/frontendlayer/tikz/libraries/tikzlibraryfit.code.tex
File: tikzlibraryfit.code.tex 2023-01-15 v3.1.10 (3.1.10)
)
(/nix/store/ly9vxw1x0vrvg1kg7prg0c0fdnmy2a1b-texlive-2022-env-texmfdist/tex/gen
eric/pgf/frontendlayer/tikz/libraries/tikzlibrarycalc.code.tex
File: tikzlibrarycalc.code.tex 2023-01-15 v3.1.10 (3.1.10)
)
(/nix/store/ly9vxw1x0vrvg1kg7prg0c0fdnmy2a1b-texlive-2022-env-texmfdist/tex/gen
eric/pgf/libraries/pgflibraryintersections.code.tex
(/nix/store/ly9vxw1x0vrvg1kg7prg0c0fdnmy2a1b-texlive-2022-env-texmfdist/tex/gen
eric/pgf/libraries/pgflibraryfpu.code.tex)
\pgf@intersect@solutions=\count283
)
(/nix/store/ly9vxw1x0vrvg1kg7prg0c0fdnmy2a1b-texlive-2022-env-texmfdist/tex/lat
ex/pgfopts/pgfopts.sty
Package: pgfopts 2014/07/10 v2.1a LaTeX package options with pgfkeys
\pgfopts@list@add@a@toks=\toks30
\pgfopts@list@add@b@toks=\toks31
)
(/nix/store/ly9vxw1x0vrvg1kg7prg0c0fdnmy2a1b-texlive-2022-env-texmfdist/tex/lat
ex/etoolbox/etoolbox.sty
Package: etoolbox 2020/10/05 v2.5k e-TeX tools for LaTeX (JAW)
\etb@tempcnta=\count284
)
(/nix/store/ly9vxw1x0vrvg1kg7prg0c0fdnmy2a1b-texlive-2022-env-texmfdist/tex/lat
ex/elocalloc/elocalloc.sty
Package: elocalloc 2016/12/15 v0.03 local allocation for LaTeX 2015+ (DPC)
)
(/nix/store/ly9vxw1x0vrvg1kg7prg0c0fdnmy2a1b-texlive-2022-env-texmfdist/tex/lat
ex/environ/environ.sty
Package: environ 2014/05/04 v0.3 A new way to define environments

(/nix/store/ly9vxw1x0vrvg1kg7prg0c0fdnmy2a1b-texlive-2022-env-texmfdist/tex/lat
ex/trimspaces/trimspaces.sty
Package: trimspaces 2009/09/17 v1.1 Trim spaces around a token list
)
\@envbody=\toks32
)
(/nix/store/ly9vxw1x0vrvg1kg7prg0c0fdnmy2a1b-texlive-2022-env-texmfdist/tex/lat
ex/l3packages/xparse/xparse.sty
(/nix/store/ly9vxw1x0vrvg1kg7prg0c0fdnmy2a1b-texlive-2022-env-texmfdist/tex/lat
ex/l3kernel/expl3.sty
Package: expl3 2023-02-22 L3 programming layer (loader) 

(/nix/store/ly9vxw1x0vrvg1kg7prg0c0fdnmy2a1b-texlive-2022-env-texmfdist/tex/lat
ex/l3backend/l3backend-pdftex.def
File: l3backend-pdftex.def 2023-01-16 L3 backend support: PDF output (pdfTeX)
\l__color_backend_stack_int=\count285
\l__pdf_internal_box=\box83
))
Package: xparse 2023-02-02 L3 Experimental document command parser
)
(/nix/store/ly9vxw1x0vrvg1kg7prg0c0fdnmy2a1b-texlive-2022-env-texmfdist/tex/lat
ex/inlinedef/inlinedef.sty
Package: inlinedef 2008/07/10 v1.0 Inlined expansions within definitions
\ID@toks=\toks33
\ID@count=\count286
)
\ID@usercommands=\toks34
\safeloop@depth=\count287
\safeRKloop@depth=\count288
\forest@temp@dimen=\dimen193
\forest@temp@count=\count289
\forest@n=\count290
\forest@temp@global@count=\count291
\forest@temp@toks=\toks35
\forest@temparray@M=\count292
\forest@temparray@N=\count293
\forest@global@temparray@M=\count294
\forest@global@temparray@N=\count295
\forest@isnum@count=\count296
\forest@isdim@nonintpart=\count297
\forest@isdim@dimen=\dimen194
\forest@sort@m=\count298
\forest@sort@k=\count299
\forest@sort@p=\count300
\bracket@content=\toks36
\bracket@afterthought=\toks37
\forest@node@maxid=\count301
\forest@process@left@M=\count302
\forest@process@left@N=\count303
\forest@process@right@M=\count304
\forest@process@right@N=\count305
\forest@process@saved@M=\count306
\forest@process@saved@N=\count307
\forest@process@result@M=\count308
\forest@process@result@N=\count309
\forest@process@n=\count310
\forest@nodewalk@branch@toks=\toks38
\forest@nodewalk@shortsteps@resolution=\toks39
\forest@do@dynamics=\toks40
\forest@box=\box84
\forest@xg=\dimen195
\forest@yg=\dimen196
\forest@xs=\dimen197
\forest@ys=\dimen198
\forest@pi@toks=\toks41
\forest@segment@toks=\toks42
\forest@PIi@toks=\toks43
\forest@PIii@toks=\toks44
\forest@copy@in=\read3
\forest@copy@out=\write4
\forest@externalize@max@outer@n=\count311
\forest@externalize@inner@n=\count312
) (./tree.aux)
\openout1 = `tree.aux'.

LaTeX Font Info:    Checking defaults for OML/cmm/m/it on input line 5.
LaTeX Font Info:    ... okay on input line 5.
LaTeX Font Info:    Checking defaults for OMS/cmsy/m/n on input line 5.
LaTeX Font Info:    ... okay on input line 5.
LaTeX Font Info:    Checking defaults for OT1/cmr/m/n on input line 5.
LaTeX Font Info:    ... okay on input line 5.
LaTeX Font Info:    Checking defaults for T1/cmr/m/n on input line 5.
LaTeX Font Info:    ... okay on input line 5.
LaTeX Font Info:    Checking defaults for TS1/cmr/m/n on input line 5.
LaTeX Font Info:    ... okay on input line 5.
LaTeX Font Info:    Checking defaults for OMX/cmex/m/n on input line 5.
LaTeX Font Info:    ... okay on input line 5.
LaTeX Font Info:    Checking defaults for U/cmr/m/n on input line 5.
LaTeX Font Info:    ... okay on input line 5.

(/nix/store/ly9vxw1x0vrvg1kg7prg0c0fdnmy2a1b-texlive-2022-env-texmfdist/tex/con
text/base/mkii/supp-pdf.mkii
[Loading MPS to PDF converter (version 2006.09.02).]
\scratchcounter=\count313
\scratchdimen=\dimen199
\scratchbox=\box85
\nofMPsegments=\count314
\nofMParguments=\count315
\everyMPshowfont=\toks45
\MPscratchCnt=\count316
\MPscratchDim=\dimen256
\MPnumerator=\count317
\makeMPintoPDFobject=\count318
\everyMPtoPDFconversion=\toks46
)
(/nix/store/ly9vxw1x0vrvg1kg7prg0c0fdnmy2a1b-texlive-2022-env-texmfdist/tex/lat
ex/epstopdf-pkg/epstopdf-base.sty
Package: epstopdf-base 2020-01-24 v2.11 Base part for package epstopdf
Package epstopdf-base Info: Redefining graphics rule for `.eps' on input line 4
85.

(/nix/store/ly9vxw1x0vrvg1kg7prg0c0fdnmy2a1b-texlive-2022-env-texmfdist/tex/lat
ex/latexconfig/epstopdf-sys.cfg
File: epstopdf-sys.cfg 2010/07/13 v1.3 Configuration of (r)epstopdf for TeX Liv
e
)) [1

{/nix/store/mqkk4czszd50dxirnhgjx5wj7n9wplfv-texlive-2022-env/share/texmf-var/f
onts/map/pdftex/updmap/pdftex.map}]
(./tree.aux) ) 
Here is how much of TeX's memory you used:
 25470 strings out of 476024
 614960 string characters out of 5772051
 1867388 words of memory out of 5000000
 45643 multiletter control sequences out of 15000+600000
 512287 words of font info for 32 fonts, out of 8000000 for 9000
 1141 hyphenation exceptions out of 8191
 131i,9n,124p,1580b,2544s stack positions out of 10000i,1000n,20000p,200000b,200000s
</nix/store/ly9vxw1x0vrvg1kg7prg0c0fdnmy2a1b-texlive-2022-env-tex
mfdist/fonts/type1/public/amsfonts/cm/cmr10.pfb>
Output written on tree.pdf (1 page, 17879 bytes).
PDF statistics:
 16 PDF objects out of 1000 (max. 8388607)
 10 compressed objects within 1 object stream
 0 named destinations out of 1000 (max. 500000)
 13 words of extra memory for PDF output out of 10000 (max. 10000000)

